Relance 
DonwloadMeter est deja lancer
 Effectué
time 0
time 1
time 2
time 3
time 4
time 5
time 6
time 7
time 8
time 9
time 10
time 11
Inactif User 
debit detecter 566 kB/s de moyenne
Relance 
DonwloadMeter est deja lancer
 Effectué
time 0
time 1
time 2
time 3
time 4
time 5
time 6
time 7
time 8
time 9
time 10
time 11
Inactif User 
debit detecter 559 kB/s de moyenne
Relance 
DonwloadMeter est deja lancer
 Effectué
time 0
time 1
time 2
time 3
time 5
time 6
time 7
time 8
time 9
time 10
time 11
Inactif User 
debit detecter 561 kB/s de moyenne
Relance 
DonwloadMeter est deja lancer
 Effectué
time 0
time 1
time 2
time 3
time 4
time 5
time 6
time 7
time 8
time 9
time 10
time 11
Inactif User 
debit detecter 559 kB/s de moyenne
Relance 
DonwloadMeter est deja lancer
 Effectué
time 0
time 1
time 0
time 0
time 0
time 0
time 0
time 0
time 0
time 0
time 0
time 0
time 1
time 0
time 0
time 0
time 0
time 0
